#!RESULT ERROR
#!CONNECTION ldap://zbook:1389
#!DATE 2024-02-29T21:51:53.965
#!ERROR  [LDAP result code 53 - unwillingToPerform] no global superior knowledge
dn: cn=clearanceRequest
objectClass: olcSchemaConfig
cn: clearanceRequest
olcObjectIdentifier: {0}id-at-clearance 2.5.4.55
olcObjectIdentifier: {1}id-tcs 1.3.6.1.4.1.38940
olcObjectIdentifier: {2}id-oc-tcs id-tcs:1
olcObjectIdentifier: {3}id-at-tcs id-tcs:2
olcObjectIdentifier: {4}id-oc-clearanceRequest id-oc-tcs:1
olcObjectIdentifier: {5}id-at-clearanceRequest id-oc-tcs:2
olcObjectIdentifier: {6}id-at-clearanceRequest-holder id-at-tcs:1
olcObjectIdentifier: {7}id-at-clearanceRequest-requestor id-at-tcs:2
olcObjectIdentifier: {8}id-at-clearanceRequest-notBeforeTime id-at-tcs:3
olcObjectIdentifier: {9}id-at-clearanceRequest-notAfterTime id-at-tcs:4
olcAttributeTypes: {0}( id-at-clearanceRequest-notBeforeTime NAME 'notBefore
 Time' SYNTAX 1.3.6.1.4.1.1466.115.121.1.24 EQUALITY generalizedTimeMatch OR
 DERING generalizedTimeOrderingMatch )
olcAttributeTypes: {1}( id-at-clearanceRequest-notAfterTime NAME 'notAfterTi
 me' SYNTAX 1.3.6.1.4.1.1466.115.121.1.24 EQUALITY generalizedTimeMatch ORDE
 RING generalizedTimeOrderingMatch )
olcAttributeTypes: {2}( id-at-clearance NAME 'clearance' SYNTAX 1.3.6.1.4.1.
 1466.115.121.1.40 EQUALITY octetStringMatch )
olcObjectClasses: {0}( id-oc-clearanceRequest NAME 'clearanceRequest' SUP to
 p STRUCTURAL MUST ( serialNumber ) MAY ( notBeforeTime $ notAfterTime $ cle
 arance $ holder $ requestor $ description ) )

